Sencha Cmd 6.0.2.14 - Crash report
================================================
An error occurred while executing the following command: build package

Diagnostic information:
=======================
                         app.archivePath : archive                                           
                      app.bootstrap.base : D:\Shanu\Tut\HeroKu\Mobile\Billionaire             
                           app.build.dir : D:\Shanu\Tut\HeroKu\Mobile\Billionaire/build/Billionaire
              app.builds.native.packager : phonegap                                          
    app.builds.native.phonegap.config.id : com.mycompany.MyApp                               
  app.builds.native.phonegap.config.name : MyApp                                             
app.builds.native.phonegap.config.platform : android                                           
                  app.builds.web.default : true                                              
                           app.classpath : D:\Shanu\Tut\HeroKu\Mobile\Billionaire/app.js,D:\Shanu\Tut\HeroKu\Mobile\Billionaire/app
                         app.cmd.version : 6.0.2.14                                          
                          app.config.dir : D:\Shanu\Tut\HeroKu\Mobile\Billionaire\.sencha\app 
                   app.cordova.config.id : com.domain.Billionaire                             
                 app.cordova.config.name : Billionaire                                        
                 app.cordova.config.path : D:\Shanu\Tut\HeroKu\Mobile\Billionaire/cordova     
               app.cordova.config.target :                                                   
              app.cordova.config.verbose : false                                             
                   app.cordova.js.0.path : cordova.js                                        
               app.cordova.js.0.priority : 1000                                              
                 app.cordova.js.0.remote : true                                              
                   app.cordova.js.length : 1                                                 
                 app.cordova.microloader : D:\Shanu\Tut\HeroKu\Mobile\Billionaire\.sencha\app/microloader/testing.js
                 app.cordova.output.base : D:\Shanu\Tut\HeroKu\Mobile\Billionaire/cordova/www 
         app.cordova.output.cache.enable : false                                             
        app.cordova.output.deltas.enable : false                                             
       app.cordova.output.manifest.embed : true                                              
                                 app.dir : D:\Shanu\Tut\HeroKu\Mobile\Billionaire             
                           app.framework : touch                                             
                   app.framework.version : 2.4.2.571                                         
                                  app.id : 90fe1d3c-a6bf-47e0-b44f-c5837e54e9a7              
                       app.indexHtmlPath : index.html                                        
                                app.name : Billionaire                                        
                         app.output.base : D:\Shanu\Tut\HeroKu\Mobile\Billionaire/build/${build.environment}/Billionaire
           app.output.microloader.enable : true                                              
                  app.phonegap.config.id : com.domain.Billionaire                             
                app.phonegap.config.name : Billionaire                                        
                app.phonegap.config.path : D:\Shanu\Tut\HeroKu\Mobile\Billionaire/phonegap    
              app.phonegap.config.remote : false                                             
             app.phonegap.config.verbose : false                                             
                  app.phonegap.js.0.path : phonegap.js                                       
              app.phonegap.js.0.priority : 1000                                              
                app.phonegap.js.0.remote : true                                              
                  app.phonegap.js.length : 1                                                 
                app.phonegap.microloader : D:\Shanu\Tut\HeroKu\Mobile\Billionaire\.sencha\app/microloader/testing.js
                app.phonegap.output.base : D:\Shanu\Tut\HeroKu\Mobile\Billionaire/phonegap/www
        app.phonegap.output.cache.enable : false                                             
       app.phonegap.output.deltas.enable : false                                             
      app.phonegap.output.manifest.embed : true                                              
                      app.requires.names :                                                   
                   app.requires.packages :                                                   
                      app.resource.paths :                                                   
        app.slicer.js.0.isWidgetManifest : true                                              
                    app.slicer.js.0.path : D:\Shanu\Tut\HeroKu\Mobile\Billionaire/sass/example/custom.js
                    app.slicer.js.length : 1                                                 
                    buildenvironment.dir : D:\Shanu\Tut\HeroKu\Mobile\Billionaire             
               buildenvironment.load.dir : D:\Shanu\Tut\HeroKu\Mobile\Billionaire\build\production\Billionaire
                          cmd.config.dir : C:\Users\shanu.mon\bin\Sencha\Cmd\6.0.2.14        
                                 cmd.dir : C:\Users\shanu.mon\bin\Sencha\Cmd\6.0.2.14        
                    cmd.framework.minver : 2.2.0                                             
                   cmd.framework.version : 2.99.99.99999                                     
                            cmd.jvm.args : -Xms128m -Xmx1024m -Dapple.awt.UIElement=true     
              cmd.merge.tool.args.araxis : -wait -merge -3 -a1 {base} {user} {generated} {out}
              cmd.merge.tool.args.kdiff3 : {base} {user} {generated} -o {out}                
             cmd.merge.tool.args.p4merge : {base} {user} {generated} {out}                   
           cmd.merge.tool.args.smartsync : {user} {generated} {base}                         
          cmd.merge.tool.args.sourcegear : --merge --result={out} {user} {base} {generated}  
            cmd.merge.tool.args.tortoise : -base:{base} -theirs:{generated} -mine:{user} -merged:{out}
                              cmd.minver : 3.0.0.0                                           
                            cmd.platform : windows                                           
                         cmd.server.port : 1841                                              
                     cmd.unicode.escapes : C:\Users\shanu.mon\bin\Sencha\Cmd\6.0.2.14/unicode-escapes.json
                             cmd.version : 6.0.2.14                                          
                            cmd.web.port : 1841                                              
                     config.skipDownload : true                                              
                      config.skipInherit : false                                             
                     framework.classpath : D:\Shanu\Tut\HeroKu\Mobile\Billionaire\touch/src   
                    framework.cmd.minver : 3.1.0.53                                          
                   framework.cmd.version : 4.0.5.87                                          
                    framework.config.dir : C:\Users\shanu.mon\bin\Sencha\Cmd\6.0.2.14\plugins\touch\2.3
                           framework.dir : D:\Shanu\Tut\HeroKu\Mobile\Billionaire\touch       
                       framework.ignores : src/locale,src/platform,auth2/Auth.js,scroller/Infinite.js
                          framework.name : touch                                             
                  framework.packages.dir : D:\Shanu\Tut\HeroKu\Mobile\Billionaire\touch/packages
             framework.preprocessor.opts : charts:no                                         
                       framework.version : 2.4.2.571                                         
                       inspector.address : http://localhost:1839/                            
                          repo.local.dir : C:\Users\shanu.mon\bin\Sencha\Cmd\repo            
        system.java.net.useSystemProxies : true                                              
                               touch.dir : D:\Shanu\Tut\HeroKu\Mobile\Billionaire/touch       
                     workspace.build.dir : D:\Shanu\Tut\HeroKu\Mobile\Billionaire/build       
                   workspace.cmd.version : 6.0.2.14                                          
                    workspace.config.dir : D:\Shanu\Tut\HeroKu\Mobile\Billionaire\.sencha\workspace
                           workspace.dir : D:\Shanu\Tut\HeroKu\Mobile\Billionaire             
                  workspace.packages.dir : D:\Shanu\Tut\HeroKu\Mobile\Billionaire/packages/local,D:\Shanu\Tut\HeroKu\Mobile\Billionaire/packages
              workspace.packages.extract : D:\Shanu\Tut\HeroKu\Mobile\Billionaire/packages/remote
                     workspace.theme.dir : D:\Shanu\Tut\HeroKu\Mobile\Billionaire/packages/local,D:\Shanu\Tut\HeroKu\Mobile\Billionaire/packages/${args.themeName}

Exception information:
=======================
java.lang.NullPointerException
     at java.io.File.<init>(Unknown Source)
     at com.sencha.util.FileUtil.readFile(FileUtil.java:157)
     at com.sencha.tools.compiler.jsb.projects.JsbBuilder.processBuild(JsbBuilder.java:29)
     at com.sencha.command.build.JsbCommand.execute(JsbCommand.java:15)
     at sun.reflect.NativeMethodAccessorImpl.invoke0(Native Method)
     at sun.reflect.NativeMethodAccessorImpl.invoke(Unknown Source)
     at sun.reflect.DelegatingMethodAccessorImpl.invoke(Unknown Source)
     at java.lang.reflect.Method.invoke(Unknown Source)
     at com.sencha.util.MethodInvoker$Arguments.invoke(MethodInvoker.java:175)
     at com.sencha.cli.Command.dispatch(Command.java:43)
     at com.sencha.cli.Commands.dispatch(Commands.java:64)
     at com.sencha.command.Sencha.dispatch(Sencha.java:74)
     at com.sencha.command.Sencha.main(Sencha.java:142)
     at sun.reflect.NativeMethodAccessorImpl.invoke0(Native Method)
     at sun.reflect.NativeMethodAccessorImpl.invoke(Unknown Source)
     at sun.reflect.DelegatingMethodAccessorImpl.invoke(Unknown Source)
     at java.lang.reflect.Method.invoke(Unknown Source)
     at com.exe4j.runtime.LauncherEngine.launch(Unknown Source)
     at com.exe4j.runtime.WinLauncher.main(Unknown Source)
     at com.install4j.runtime.launcher.WinLauncher.main(Unknown Source)

